[0m19:44:21.111630 [debug] [MainThread]: Sending event: {'category': 'dbt', 'action': 'invocation', 'label': 'start', 'context': [<snowplow_tracker.self_describing_json.SelfDescribingJson object at 0x75c85ee83260>, <snowplow_tracker.self_describing_json.SelfDescribingJson object at 0x75c85f717d10>, <snowplow_tracker.self_describing_json.SelfDescribingJson object at 0x75c860071e20>]}


============================== 19:44:21.146471 | 76ee19ab-35f3-4fb1-a48e-23f27487add4 ==============================
[0m19:44:21.146471 [info ] [MainThread]: Running with dbt=1.8.9
[0m19:44:21.147071 [debug] [MainThread]: running dbt with arguments {'printer_width': '80', 'indirect_selection': 'eager', 'log_cache_events': 'False', 'write_json': 'True', 'partial_parse': 'True', 'cache_selected_only': 'False', 'warn_error': 'None', 'fail_fast': 'False', 'debug': 'False', 'log_path': 'logs', 'version_check': 'True', 'profiles_dir': '/home/lucas/.dbt', 'use_colors': 'True', 'use_experimental_parser': 'False', 'empty': 'None', 'quiet': 'False', 'no_print': 'None', 'log_format': 'default', 'static_parser': 'True', 'warn_error_options': 'WarnErrorOptions(include=[], exclude=[])', 'invocation_command': 'dbt init', 'target_path': 'None', 'introspect': 'True', 'send_anonymous_usage_stats': 'True'}
[0m20:20:59.446015 [debug] [MainThread]: Starter project path: /media/lucas/Files/2.Projetos/dbt-northwind/.venv/lib/python3.12/site-packages/dbt/include/starter_project
[0m20:20:59.451632 [info ] [MainThread]: 
Your new dbt project "northwind" was created!

For more information on how to configure the profiles.yml file,
please consult the dbt documentation here:

  https://docs.getdbt.com/docs/configure-your-profile

One more thing:

Need help? Don't hesitate to reach out to us via GitHub issues or on Slack:

  https://community.getdbt.com/

Happy modeling!

[0m20:20:59.452154 [info ] [MainThread]: Setting up your profile.
[0m20:22:40.626078 [info ] [MainThread]: Profile northwind written to /home/lucas/.dbt/profiles.yml using target's profile_template.yml and your supplied values. Run 'dbt debug' to validate the connection.
[0m20:22:40.627177 [debug] [MainThread]: Resource report: {"command_name": "init", "command_success": true, "command_wall_clock_time": 2299.5623, "process_in_blocks": "2592", "process_kernel_time": 0.156694, "process_mem_max_rss": "111832", "process_out_blocks": "8", "process_user_time": 2.359642}
[0m20:22:40.627811 [debug] [MainThread]: Command `dbt init` succeeded at 20:22:40.627710 after 2299.56 seconds
[0m20:22:40.628252 [debug] [MainThread]: Sending event: {'category': 'dbt', 'action': 'invocation', 'label': 'end', 'context': [<snowplow_tracker.self_describing_json.SelfDescribingJson object at 0x75c85f154d40>, <snowplow_tracker.self_describing_json.SelfDescribingJson object at 0x75c85ec0dd60>, <snowplow_tracker.self_describing_json.SelfDescribingJson object at 0x75c85f717d10>]}
[0m20:22:40.628684 [debug] [MainThread]: Flushing usage events
